[2025-11-10 07:32:05] [info] Starting scraper: Ideal Homes Portugal
[2025-11-10 07:32:06] [info] Type: website
[2025-11-10 07:32:06] [info] Applying configuration to scraper...
✓ Set foldername = 'IdealHome'
[2025-11-10 07:32:06] [info] Set foldername = 'IdealHome'
✓ Set filename = 'Properties1.json'
[2025-11-10 07:32:06] [info] Set filename = 'Properties1.json'
✓ Set websiteUrl = 'https://www.idealhomesportugal.com'
[2025-11-10 07:32:06] [info] Set websiteUrl = 'https://www.idealhomesportugal.com'
✓ Set urlPattern = '/property-for-sale/portimao?location=Portimao&page={$page}'
[2025-11-10 07:32:06] [info] Set urlPattern = '/property-for-sale/portimao?location=Portimao&page={$page}'
⚠ Property enableUpload does not exist in scraper class
⚠ Property testingMode does not exist in scraper class
[2025-11-10 07:32:06] [info] Passing owner details to scraper
✓ Set owner details (confidentialInfo)
[2025-11-10 07:32:06] [info] Set owner details (confidentialInfo)

[2025-11-10 07:32:06] [info] Scraping pages 1 to 1
📄 Fetching page 1: https://www.idealhomesportugal.com/property-for-sale/portimao?location=Portimao&page=1
📊 Total properties to scrape: 9

URL 1 🔍 Scraping: https://www.idealhomesportugal.com/property/apartment-in-algarve-idh33541-portimao-93675/93675
[2025-11-10 07:32:09] Attempt 1 of 3
[2025-11-10 07:32:10] ⚠️ Server responded with HTTP 401 (Duration: 1.52s)
[2025-11-10 07:32:10] Response: {"code":"unauthorized","message":"Token has expired","data":{"status":401}}
[2025-11-10 07:32:10] ⏳ Retrying in 2 seconds...
[2025-11-10 07:32:12] Attempt 2 of 3
[2025-11-10 07:32:14] ⚠️ Server responded with HTTP 401 (Duration: 1.77s)
[2025-11-10 07:32:14] Response: {"code":"unauthorized","message":"Token has expired","data":{"status":401}}
[2025-11-10 07:32:14] ⏳ Retrying in 4 seconds...
[2025-11-10 07:32:18] Attempt 3 of 3
[2025-11-10 07:32:19] ⚠️ Server responded with HTTP 401 (Duration: 1.05s)
[2025-11-10 07:32:19] Response: {"code":"unauthorized","message":"Token has expired","data":{"status":401}}
[2025-11-10 07:32:19] ❌ All attempts failed. Last error: HTTP 401
❌ Failed after 3 attempts. Last error: HTTP 401
⚠️ HTTP Status: 401
URL 2 🔍 Scraping: https://www.idealhomesportugal.com/property/apartment-in-algarve-idh33268-portimao-89808/89808
[2025-11-10 07:32:21] Attempt 1 of 3
[2025-11-10 07:32:23] ⚠️ Server responded with HTTP 401 (Duration: 1.52s)
[2025-11-10 07:32:23] Response: {"code":"unauthorized","message":"Token has expired","data":{"status":401}}
[2025-11-10 07:32:23] ⏳ Retrying in 2 seconds...
[2025-11-10 07:32:25] Attempt 2 of 3
[2025-11-10 07:32:26] ⚠️ Server responded with HTTP 401 (Duration: 1.55s)
[2025-11-10 07:32:26] Response: {"code":"unauthorized","message":"Token has expired","data":{"status":401}}
[2025-11-10 07:32:26] ⏳ Retrying in 4 seconds...
[2025-11-10 07:32:30] Attempt 3 of 3
[2025-11-10 07:32:32] ⚠️ Server responded with HTTP 401 (Duration: 1.7s)
[2025-11-10 07:32:32] Response: {"code":"unauthorized","message":"Token has expired","data":{"status":401}}
[2025-11-10 07:32:32] ❌ All attempts failed. Last error: HTTP 401
❌ Failed after 3 attempts. Last error: HTTP 401
⚠️ HTTP Status: 401
URL 3 🔍 Scraping: https://www.idealhomesportugal.com/property/villa-in-algarve-idh33528-portimao-93344/93344
❌ Skipping property of id: IDH33528
URL 4 🔍 Scraping: https://www.idealhomesportugal.com/property/townhouse-in-algarve-idh33303-portimao-91261/91261
❌ Skipping property of id: IDH33303
URL 5 🔍 Scraping: https://www.idealhomesportugal.com/property/apartment-in-algarve-idh33267-portimao-89807/89807
[2025-11-10 07:32:37] Attempt 1 of 3
[2025-11-10 07:32:39] ⚠️ Server responded with HTTP 401 (Duration: 1.83s)
[2025-11-10 07:32:39] Response: {"code":"unauthorized","message":"Token has expired","data":{"status":401}}
[2025-11-10 07:32:39] ⏳ Retrying in 2 seconds...
[2025-11-10 07:32:41] Attempt 2 of 3
[2025-11-10 07:32:42] ⚠️ Server responded with HTTP 401 (Duration: 1.49s)
[2025-11-10 07:32:42] Response: {"code":"unauthorized","message":"Token has expired","data":{"status":401}}
[2025-11-10 07:32:42] ⏳ Retrying in 4 seconds...
[2025-11-10 07:32:46] Attempt 3 of 3
[2025-11-10 07:32:47] ⚠️ Server responded with HTTP 401 (Duration: 1.02s)
[2025-11-10 07:32:47] Response: {"code":"unauthorized","message":"Token has expired","data":{"status":401}}
[2025-11-10 07:32:47] ❌ All attempts failed. Last error: HTTP 401
❌ Failed after 3 attempts. Last error: HTTP 401
⚠️ HTTP Status: 401
URL 6 🔍 Scraping: https://www.idealhomesportugal.com/property/land-in-algarve-idh33025-portimao-89563/89563
❌ Skipping property of type: Land
URL 7 🔍 Scraping: https://www.idealhomesportugal.com/property/apartment-in-algarve-idh32975-portimao-89512/89512
❌ Skipping property of id: IDH32975
URL 8 🔍 Scraping: https://www.idealhomesportugal.com/property/apartment-in-algarve-idh32903-portimao-89440/89440
❌ Skipping property with status: Sold
URL 9 🔍 Scraping: https://www.idealhomesportugal.com/property/land-in-algarve-idh32300-portimao-85749/85749
❌ Skipping property of type: Land
✅ Scraping completed. Output saved to C:\xampp\htdocs\ScrapingToolsAutoSync\Executable/../ScrapeFile/IdealHome/Properties1.json
✅ Properties Created: 0
✅ Properties Updated: 0
[2025-11-10 07:32:53] [success] Scraping completed successfully
