[2025-11-03 04:46:50] [info] Starting scraper: Bali Bound
[2025-11-03 04:46:50] [info] Type: xml
[2025-11-03 04:46:50] [info] Applying configuration to scraper...
✓ Set foldername = 'BaliBound'
[2025-11-03 04:46:50] [info] Set foldername = 'BaliBound'
✓ Set filename = 'Properties.json'
[2025-11-03 04:46:50] [info] Set filename = 'Properties.json'
✓ Set enableUpload = false
[2025-11-03 04:46:50] [info] Set enableUpload = false
✓ Set testingMode = false
[2025-11-03 04:46:50] [info] Set testingMode = false
[2025-11-03 04:46:50] [info] Passing owner details to scraper
✓ Set owner details (confidentialInfo)
[2025-11-03 04:46:50] [info] Set owner details (confidentialInfo)

[2025-11-03 04:46:50] [info] Processing XML: https://lhwtlojhugazhwttdleh.supabase.co/functions/v1/property-feed
[2025-11-03 04:46:50] [info] Expected properties: 10
[2025-11-03 04:46:50] [info] Passing owner details to scraper
🔍 Input detected as: url
🌐 Fetching XML from URL: https://lhwtlojhugazhwttdleh.supabase.co/functions/v1/property-feed
PHP Warning:  Undefined variable $filename in C:\xampp\htdocs\ScrapingToolsAutoSync\ExecutableXML\BaliBound.php on line 78

Warning: Undefined variable $filename in C:\xampp\htdocs\ScrapingToolsAutoSync\ExecutableXML\BaliBound.php on line 78
PHP Warning:  Undefined array key "extension" in C:\xampp\htdocs\ScrapingToolsAutoSync\ExecutableXML\BaliBound.php on line 79

Warning: Undefined array key "extension" in C:\xampp\htdocs\ScrapingToolsAutoSync\ExecutableXML\BaliBound.php on line 79
✅ XML validation successful
📋 Found properties using structure: <property>
📋 Total properties found: 87
📊 Total properties to process: 10

PHP Warning:  file_put_contents(C:\xampp\htdocs\ScrapingToolsAutoSync\ExecutableXML/../ScrapeFile/BaliBound/_2025-11-03_04-46-51.): Failed to open stream: Permission denied in C:\xampp\htdocs\ScrapingToolsAutoSync\ExecutableXML\BaliBound.php on line 106

Warning: file_put_contents(C:\xampp\htdocs\ScrapingToolsAutoSync\ExecutableXML/../ScrapeFile/BaliBound/_2025-11-03_04-46-51.): Failed to open stream: Permission denied in C:\xampp\htdocs\ScrapingToolsAutoSync\ExecutableXML\BaliBound.php on line 106
🏠 Processing property 1/10
Bukit+Peninsula%2C+Bali%2C+Indonesia
PHP Warning:  file_put_contents(C:\xampp\htdocs\ScrapingToolsAutoSync\ExecutableXML/../ScrapeFile/BaliBound/_2025-11-03_04-46-51.): Failed to open stream: Permission denied in C:\xampp\htdocs\ScrapingToolsAutoSync\ExecutableXML\BaliBound.php on line 116

Warning: file_put_contents(C:\xampp\htdocs\ScrapingToolsAutoSync\ExecutableXML/../ScrapeFile/BaliBound/_2025-11-03_04-46-51.): Failed to open stream: Permission denied in C:\xampp\htdocs\ScrapingToolsAutoSync\ExecutableXML\BaliBound.php on line 116
🏠 Processing property 2/10
Kuta+Utara%2C+Bali%2C+Indonesia
PHP Warning:  file_put_contents(C:\xampp\htdocs\ScrapingToolsAutoSync\ExecutableXML/../ScrapeFile/BaliBound/_2025-11-03_04-46-51.): Failed to open stream: Permission denied in C:\xampp\htdocs\ScrapingToolsAutoSync\ExecutableXML\BaliBound.php on line 116

Warning: file_put_contents(C:\xampp\htdocs\ScrapingToolsAutoSync\ExecutableXML/../ScrapeFile/BaliBound/_2025-11-03_04-46-51.): Failed to open stream: Permission denied in C:\xampp\htdocs\ScrapingToolsAutoSync\ExecutableXML\BaliBound.php on line 116
🏠 Processing property 3/10
Kuta+Utara%2C+Bali%2C+Indonesia
PHP Warning:  file_put_contents(C:\xampp\htdocs\ScrapingToolsAutoSync\ExecutableXML/../ScrapeFile/BaliBound/_2025-11-03_04-46-51.): Failed to open stream: Permission denied in C:\xampp\htdocs\ScrapingToolsAutoSync\ExecutableXML\BaliBound.php on line 116

Warning: file_put_contents(C:\xampp\htdocs\ScrapingToolsAutoSync\ExecutableXML/../ScrapeFile/BaliBound/_2025-11-03_04-46-51.): Failed to open stream: Permission denied in C:\xampp\htdocs\ScrapingToolsAutoSync\ExecutableXML\BaliBound.php on line 116
🏠 Processing property 4/10
Gianyar%2C+Bali%2C+Indonesia
PHP Warning:  file_put_contents(C:\xampp\htdocs\ScrapingToolsAutoSync\ExecutableXML/../ScrapeFile/BaliBound/_2025-11-03_04-46-51.): Failed to open stream: Permission denied in C:\xampp\htdocs\ScrapingToolsAutoSync\ExecutableXML\BaliBound.php on line 116

Warning: file_put_contents(C:\xampp\htdocs\ScrapingToolsAutoSync\ExecutableXML/../ScrapeFile/BaliBound/_2025-11-03_04-46-51.): Failed to open stream: Permission denied in C:\xampp\htdocs\ScrapingToolsAutoSync\ExecutableXML\BaliBound.php on line 116
🏠 Processing property 5/10
Kuta+Utara%2C+Bali%2C+Indonesia
PHP Warning:  file_put_contents(C:\xampp\htdocs\ScrapingToolsAutoSync\ExecutableXML/../ScrapeFile/BaliBound/_2025-11-03_04-46-51.): Failed to open stream: Permission denied in C:\xampp\htdocs\ScrapingToolsAutoSync\ExecutableXML\BaliBound.php on line 116

Warning: file_put_contents(C:\xampp\htdocs\ScrapingToolsAutoSync\ExecutableXML/../ScrapeFile/BaliBound/_2025-11-03_04-46-51.): Failed to open stream: Permission denied in C:\xampp\htdocs\ScrapingToolsAutoSync\ExecutableXML\BaliBound.php on line 116
🏠 Processing property 6/10
Bukit+Peninsula%2C+Bali%2C+Indonesia
PHP Warning:  file_put_contents(C:\xampp\htdocs\ScrapingToolsAutoSync\ExecutableXML/../ScrapeFile/BaliBound/_2025-11-03_04-46-51.): Failed to open stream: Permission denied in C:\xampp\htdocs\ScrapingToolsAutoSync\ExecutableXML\BaliBound.php on line 116

Warning: file_put_contents(C:\xampp\htdocs\ScrapingToolsAutoSync\ExecutableXML/../ScrapeFile/BaliBound/_2025-11-03_04-46-51.): Failed to open stream: Permission denied in C:\xampp\htdocs\ScrapingToolsAutoSync\ExecutableXML\BaliBound.php on line 116
🏠 Processing property 7/10
Kuta+Utara%2C+Bali%2C+Indonesia
PHP Warning:  file_put_contents(C:\xampp\htdocs\ScrapingToolsAutoSync\ExecutableXML/../ScrapeFile/BaliBound/_2025-11-03_04-46-51.): Failed to open stream: Permission denied in C:\xampp\htdocs\ScrapingToolsAutoSync\ExecutableXML\BaliBound.php on line 116

Warning: file_put_contents(C:\xampp\htdocs\ScrapingToolsAutoSync\ExecutableXML/../ScrapeFile/BaliBound/_2025-11-03_04-46-51.): Failed to open stream: Permission denied in C:\xampp\htdocs\ScrapingToolsAutoSync\ExecutableXML\BaliBound.php on line 116
🏠 Processing property 8/10
Mengwi%2C+Bali%2C+Indonesia
PHP Warning:  file_put_contents(C:\xampp\htdocs\ScrapingToolsAutoSync\ExecutableXML/../ScrapeFile/BaliBound/_2025-11-03_04-46-51.): Failed to open stream: Permission denied in C:\xampp\htdocs\ScrapingToolsAutoSync\ExecutableXML\BaliBound.php on line 116

Warning: file_put_contents(C:\xampp\htdocs\ScrapingToolsAutoSync\ExecutableXML/../ScrapeFile/BaliBound/_2025-11-03_04-46-51.): Failed to open stream: Permission denied in C:\xampp\htdocs\ScrapingToolsAutoSync\ExecutableXML\BaliBound.php on line 116
🏠 Processing property 9/10
Mengwi%2C+Bali%2C+Indonesia
PHP Warning:  file_put_contents(C:\xampp\htdocs\ScrapingToolsAutoSync\ExecutableXML/../ScrapeFile/BaliBound/_2025-11-03_04-46-51.): Failed to open stream: Permission denied in C:\xampp\htdocs\ScrapingToolsAutoSync\ExecutableXML\BaliBound.php on line 116

Warning: file_put_contents(C:\xampp\htdocs\ScrapingToolsAutoSync\ExecutableXML/../ScrapeFile/BaliBound/_2025-11-03_04-46-51.): Failed to open stream: Permission denied in C:\xampp\htdocs\ScrapingToolsAutoSync\ExecutableXML\BaliBound.php on line 116
🏠 Processing property 10/10
Mengwi%2C+Bali%2C+Indonesia
PHP Warning:  file_put_contents(C:\xampp\htdocs\ScrapingToolsAutoSync\ExecutableXML/../ScrapeFile/BaliBound/_2025-11-03_04-46-51.): Failed to open stream: Permission denied in C:\xampp\htdocs\ScrapingToolsAutoSync\ExecutableXML\BaliBound.php on line 116

Warning: file_put_contents(C:\xampp\htdocs\ScrapingToolsAutoSync\ExecutableXML/../ScrapeFile/BaliBound/_2025-11-03_04-46-51.): Failed to open stream: Permission denied in C:\xampp\htdocs\ScrapingToolsAutoSync\ExecutableXML\BaliBound.php on line 116
PHP Warning:  file_put_contents(C:\xampp\htdocs\ScrapingToolsAutoSync\ExecutableXML/../ScrapeFile/BaliBound/_2025-11-03_04-46-51.): Failed to open stream: Permission denied in C:\xampp\htdocs\ScrapingToolsAutoSync\ExecutableXML\BaliBound.php on line 141

Warning: file_put_contents(C:\xampp\htdocs\ScrapingToolsAutoSync\ExecutableXML/../ScrapeFile/BaliBound/_2025-11-03_04-46-51.): Failed to open stream: Permission denied in C:\xampp\htdocs\ScrapingToolsAutoSync\ExecutableXML\BaliBound.php on line 141
✅ Scraping completed. Output saved to C:\xampp\htdocs\ScrapingToolsAutoSync\ExecutableXML/../ScrapeFile/BaliBound/_2025-11-03_04-46-51.
✅ Properties Created: 0
✅ Properties Updated: 0
[2025-11-03 04:46:55] [success] Scraping completed successfully
