[2025-11-10 07:24:00] [info] Starting scraper: Ideal Homes Portugal
[2025-11-10 07:24:00] [info] Type: website
[2025-11-10 07:24:00] [info] Applying configuration to scraper...
✓ Set foldername = 'IdealHome'
[2025-11-10 07:24:00] [info] Set foldername = 'IdealHome'
✓ Set filename = 'Properties1.json'
[2025-11-10 07:24:00] [info] Set filename = 'Properties1.json'
✓ Set websiteUrl = 'https://www.idealhomesportugal.com'
[2025-11-10 07:24:00] [info] Set websiteUrl = 'https://www.idealhomesportugal.com'
✓ Set urlPattern = '/property-for-sale/portimao?location=Portimao&page={$page}'
[2025-11-10 07:24:00] [info] Set urlPattern = '/property-for-sale/portimao?location=Portimao&page={$page}'
⚠ Property enableUpload does not exist in scraper class
⚠ Property testingMode does not exist in scraper class
[2025-11-10 07:24:00] [info] Passing owner details to scraper
✓ Set owner details (confidentialInfo)
[2025-11-10 07:24:00] [info] Set owner details (confidentialInfo)

[2025-11-10 07:24:00] [info] Scraping pages 1 to 1
📄 Fetching page 1: https://www.idealhomesportugal.com/property-for-sale/portimao?location=Portimao&page=1
📊 Total properties to scrape: 9

URL 1 🔍 Scraping: https://www.idealhomesportugal.com/property/apartment-in-algarve-idh33541-portimao-93675/93675
❌ Skipping property with status: Exclusive
URL 2 🔍 Scraping: https://www.idealhomesportugal.com/property/apartment-in-algarve-idh33268-portimao-89808/89808
[2025-11-10 07:24:18] Attempt 1 of 3
[2025-11-10 07:24:20] ⚠️ Server responded with HTTP 401 (Duration: 2.04s)
[2025-11-10 07:24:20] Response: {"code":"unauthorized","message":"Token has expired","data":{"status":401}}
[2025-11-10 07:24:20] ⏳ Retrying in 2 seconds...
[2025-11-10 07:24:22] Attempt 2 of 3
[2025-11-10 07:24:24] ⚠️ Server responded with HTTP 401 (Duration: 1.46s)
[2025-11-10 07:24:24] Response: {"code":"unauthorized","message":"Token has expired","data":{"status":401}}
[2025-11-10 07:24:24] ⏳ Retrying in 4 seconds...
[2025-11-10 07:24:28] Attempt 3 of 3
[2025-11-10 07:24:29] ⚠️ Server responded with HTTP 401 (Duration: 1.4s)
[2025-11-10 07:24:29] Response: {"code":"unauthorized","message":"Token has expired","data":{"status":401}}
[2025-11-10 07:24:29] ❌ All attempts failed. Last error: HTTP 401
❌ Failed after 3 attempts. Last error: HTTP 401
⚠️ HTTP Status: 401
URL 3 🔍 Scraping: https://www.idealhomesportugal.com/property/villa-in-algarve-idh33528-portimao-93344/93344
[2025-11-10 07:24:32] Attempt 1 of 3
[2025-11-10 07:24:33] ⚠️ Server responded with HTTP 401 (Duration: 1.63s)
[2025-11-10 07:24:33] Response: {"code":"unauthorized","message":"Token has expired","data":{"status":401}}
[2025-11-10 07:24:33] ⏳ Retrying in 2 seconds...
[2025-11-10 07:24:35] Attempt 2 of 3
[2025-11-10 07:24:37] ⚠️ Server responded with HTTP 401 (Duration: 1.44s)
[2025-11-10 07:24:37] Response: {"code":"unauthorized","message":"Token has expired","data":{"status":401}}
[2025-11-10 07:24:37] ⏳ Retrying in 4 seconds...
[2025-11-10 07:24:41] Attempt 3 of 3
[2025-11-10 07:24:42] ⚠️ Server responded with HTTP 401 (Duration: 1.06s)
[2025-11-10 07:24:42] Response: {"code":"unauthorized","message":"Token has expired","data":{"status":401}}
[2025-11-10 07:24:42] ❌ All attempts failed. Last error: HTTP 401
❌ Failed after 3 attempts. Last error: HTTP 401
⚠️ HTTP Status: 401
URL 4 🔍 Scraping: https://www.idealhomesportugal.com/property/townhouse-in-algarve-idh33303-portimao-91261/91261
[2025-11-10 07:24:44] Attempt 1 of 3
[2025-11-10 07:24:46] ⚠️ Server responded with HTTP 401 (Duration: 1.52s)
[2025-11-10 07:24:46] [warning] Stop signal received - terminating scraper

⚠️ Stop signal received - terminating gracefully...
