[2025-10-16 10:47:49] [info] Starting scraper: Nilsott
[2025-10-16 10:47:49] [info] Type: xml
[2025-10-16 10:47:49] [info] Applying configuration to scraper...
✓ Set foldername = 'KyeroXML'
[2025-10-16 10:47:49] [info] Set foldername = 'KyeroXML'
✓ Set filename = 'Properties1.json'
[2025-10-16 10:47:49] [info] Set filename = 'Properties1.json'
✓ Set enableUpload = true
[2025-10-16 10:47:49] [info] Set enableUpload = true
✓ Set testingMode = false
[2025-10-16 10:47:49] [info] Set testingMode = false

[2025-10-16 10:47:49] [info] Processing XML: https://web3930:9a42ded9cb@www.nilsott.com/xml/kyero.xml
[2025-10-16 10:47:49] [info] Expected properties: 0
🔍 Input detected as: url
🌐 Fetching XML from URL: https://web3930:9a42ded9cb@www.nilsott.com/xml/kyero.xml
✅ XML validation successful
📋 Found properties using structure: <property>
📋 Total properties found: 662
📊 Total properties to process: 662

🏠 Processing property 1/662
Sveti+Vlas%2C+Burgas%2C+Bulgaria
[2025-10-16 10:48:05] Attempt 1 of 3
[2025-10-16 10:48:07] ⚠️ Server responded with HTTP 401 (Duration: 1.82s)
[2025-10-16 10:48:07] Response: {"code":"unauthorized","message":"Token has expired","data":{"status":401}}
[2025-10-16 10:48:07] ⏳ Retrying in 2 seconds...
[2025-10-16 10:48:09] Attempt 2 of 3
[2025-10-16 10:48:10] ⚠️ Server responded with HTTP 401 (Duration: 1.55s)
[2025-10-16 10:48:10] Response: {"code":"unauthorized","message":"Token has expired","data":{"status":401}}
[2025-10-16 10:48:10] ⏳ Retrying in 4 seconds...
[2025-10-16 10:48:14] Attempt 3 of 3
[2025-10-16 10:48:16] ⚠️ Server responded with HTTP 401 (Duration: 1.49s)
[2025-10-16 10:48:16] Response: {"code":"unauthorized","message":"Token has expired","data":{"status":401}}
[2025-10-16 10:48:16] ❌ All attempts failed. Last error: HTTP 401
❌ Failed after 3 attempts. Last error: HTTP 401
⚠️ HTTP Status: 401
🏠 Processing property 2/662
Kosharitsa%2C+Burgas%2C+Bulgaria
[2025-10-16 10:48:17] Attempt 1 of 3
[2025-10-16 10:48:19] ⚠️ Server responded with HTTP 401 (Duration: 1.53s)
[2025-10-16 10:48:19] Response: {"code":"unauthorized","message":"Token has expired","data":{"status":401}}
[2025-10-16 10:48:19] ⏳ Retrying in 2 seconds...
[2025-10-16 10:48:21] Attempt 2 of 3
[2025-10-16 10:48:23] ⚠️ Server responded with HTTP 401 (Duration: 1.64s)
[2025-10-16 10:48:23] Response: {"code":"unauthorized","message":"Token has expired","data":{"status":401}}
[2025-10-16 10:48:23] ⏳ Retrying in 4 seconds...
[2025-10-16 10:48:27] Attempt 3 of 3
[2025-10-16 10:48:28] ⚠️ Server responded with HTTP 401 (Duration: 1.5s)
[2025-10-16 10:48:28] Response: {"code":"unauthorized","message":"Token has expired","data":{"status":401}}
[2025-10-16 10:48:28] ❌ All attempts failed. Last error: HTTP 401
❌ Failed after 3 attempts. Last error: HTTP 401
⚠️ HTTP Status: 401
🏠 Processing property 3/662
Sarafovo%2C+Burgas%2C+Bulgaria
[2025-10-16 10:48:29] Attempt 1 of 3
[2025-10-16 10:48:31] ⚠️ Server responded with HTTP 401 (Duration: 1.11s)
[2025-10-16 10:48:31] Response: {"code":"unauthorized","message":"Token has expired","data":{"status":401}}
[2025-10-16 10:48:31] ⏳ Retrying in 2 seconds...
[2025-10-16 10:48:33] Attempt 2 of 3
[2025-10-16 10:48:34] ⚠️ Server responded with HTTP 401 (Duration: 1.58s)
[2025-10-16 10:48:34] Response: {"code":"unauthorized","message":"Token has expired","data":{"status":401}}
[2025-10-16 10:48:34] ⏳ Retrying in 4 seconds...
[2025-10-16 10:48:38] Attempt 3 of 3
[2025-10-16 10:48:38] [warning] Stop signal received - terminating scraper

⚠️ Stop signal received - terminating gracefully...
