[2025-10-16 10:55:58] [info] Starting scraper: Nilsott
[2025-10-16 10:55:58] [info] Type: xml
[2025-10-16 10:55:58] [info] Applying configuration to scraper...
✓ Set foldername = 'KyeroXML'
[2025-10-16 10:55:58] [info] Set foldername = 'KyeroXML'
✓ Set filename = 'Properties1.json'
[2025-10-16 10:55:58] [info] Set filename = 'Properties1.json'
✓ Set enableUpload = true
[2025-10-16 10:55:58] [info] Set enableUpload = true
✓ Set testingMode = false
[2025-10-16 10:55:58] [info] Set testingMode = false
[2025-10-16 10:55:58] [info] Passing owner details to scraper
✓ Set owner details (confidentialInfo)
[2025-10-16 10:55:58] [info] Set owner details (confidentialInfo)

[2025-10-16 10:55:58] [info] Processing XML: https://web3930:9a42ded9cb@www.nilsott.com/xml/kyero.xml
[2025-10-16 10:55:58] [info] Expected properties: 0
[2025-10-16 10:55:58] [info] Passing owner details to scraper
🔍 Input detected as: url
🌐 Fetching XML from URL: https://web3930:9a42ded9cb@www.nilsott.com/xml/kyero.xml
✅ XML validation successful
📋 Found properties using structure: <property>
📋 Total properties found: 662
📊 Total properties to process: 662

🏠 Processing property 1/662
Sveti+Vlas%2C+Burgas%2C+Bulgaria
[2025-10-16 10:56:14] Attempt 1 of 3
[2025-10-16 10:56:15] ⚠️ Server responded with HTTP 401 (Duration: 1.7s)
[2025-10-16 10:56:15] Response: {"code":"unauthorized","message":"Token has expired","data":{"status":401}}
[2025-10-16 10:56:15] ⏳ Retrying in 2 seconds...
[2025-10-16 10:56:17] Attempt 2 of 3
[2025-10-16 10:56:19] ⚠️ Server responded with HTTP 401 (Duration: 1.47s)
[2025-10-16 10:56:19] Response: {"code":"unauthorized","message":"Token has expired","data":{"status":401}}
[2025-10-16 10:56:19] ⏳ Retrying in 4 seconds...
[2025-10-16 10:56:23] Attempt 3 of 3
[2025-10-16 10:56:25] ⚠️ Server responded with HTTP 401 (Duration: 1.55s)
[2025-10-16 10:56:25] Response: {"code":"unauthorized","message":"Token has expired","data":{"status":401}}
[2025-10-16 10:56:25] ❌ All attempts failed. Last error: HTTP 401
❌ Failed after 3 attempts. Last error: HTTP 401
⚠️ HTTP Status: 401
🏠 Processing property 2/662
Kosharitsa%2C+Burgas%2C+Bulgaria
[2025-10-16 10:56:26] Attempt 1 of 3
[2025-10-16 10:56:28] ⚠️ Server responded with HTTP 401 (Duration: 1.53s)
[2025-10-16 10:56:28] Response: {"code":"unauthorized","message":"Token has expired","data":{"status":401}}
[2025-10-16 10:56:28] ⏳ Retrying in 2 seconds...
[2025-10-16 10:56:30] Attempt 2 of 3
[2025-10-16 10:56:31] ⚠️ Server responded with HTTP 401 (Duration: 1.54s)
[2025-10-16 10:56:31] Response: {"code":"unauthorized","message":"Token has expired","data":{"status":401}}
[2025-10-16 10:56:31] ⏳ Retrying in 4 seconds...
[2025-10-16 10:56:35] Attempt 3 of 3
[2025-10-16 10:56:37] ⚠️ Server responded with HTTP 401 (Duration: 1.43s)
[2025-10-16 10:56:37] Response: {"code":"unauthorized","message":"Token has expired","data":{"status":401}}
[2025-10-16 10:56:37] ❌ All attempts failed. Last error: HTTP 401
❌ Failed after 3 attempts. Last error: HTTP 401
⚠️ HTTP Status: 401
🏠 Processing property 3/662
Sarafovo%2C+Burgas%2C+Bulgaria
[2025-10-16 10:56:38] Attempt 1 of 3
[2025-10-16 10:56:39] ⚠️ Server responded with HTTP 401 (Duration: 1.03s)
[2025-10-16 10:56:39] Response: {"code":"unauthorized","message":"Token has expired","data":{"status":401}}
[2025-10-16 10:56:39] ⏳ Retrying in 2 seconds...
[2025-10-16 10:56:41] Attempt 2 of 3
[2025-10-16 10:56:43] ⚠️ Server responded with HTTP 401 (Duration: 1.75s)
[2025-10-16 10:56:43] Response: {"code":"unauthorized","message":"Token has expired","data":{"status":401}}
[2025-10-16 10:56:43] ⏳ Retrying in 4 seconds...
[2025-10-16 10:56:47] Attempt 3 of 3
[2025-10-16 10:56:49] ⚠️ Server responded with HTTP 401 (Duration: 1.6s)
[2025-10-16 10:56:49] Response: {"code":"unauthorized","message":"Token has expired","data":{"status":401}}
[2025-10-16 10:56:49] ❌ All attempts failed. Last error: HTTP 401
❌ Failed after 3 attempts. Last error: HTTP 401
⚠️ HTTP Status: 401
🏠 Processing property 4/662
❌ Skipping property with invalid type
🏠 Processing property 5/662
❌ Skipping property with invalid type
🏠 Processing property 6/662
Aleksandrovo%2C+Burgas%2C+Bulgaria
[2025-10-16 10:56:50] Attempt 1 of 3
[2025-10-16 10:56:52] ⚠️ Server responded with HTTP 401 (Duration: 1.58s)
[2025-10-16 10:56:52] Response: {"code":"unauthorized","message":"Token has expired","data":{"status":401}}
[2025-10-16 10:56:52] ⏳ Retrying in 2 seconds...
[2025-10-16 10:56:54] Attempt 2 of 3
[2025-10-16 10:56:55] ⚠️ Server responded with HTTP 401 (Duration: 1.61s)
[2025-10-16 10:56:55] Response: {"code":"unauthorized","message":"Token has expired","data":{"status":401}}
[2025-10-16 10:56:55] ⏳ Retrying in 4 seconds...
[2025-10-16 10:56:59] Attempt 3 of 3
[2025-10-16 10:56:59] [warning] Stop signal received - terminating scraper

⚠️ Stop signal received - terminating gracefully...
