[2025-10-16 10:59:26] [info] Starting scraper: Nilsott
[2025-10-16 10:59:26] [info] Type: xml
[2025-10-16 10:59:26] [info] Applying configuration to scraper...
✓ Set foldername = 'KyeroXML'
[2025-10-16 10:59:26] [info] Set foldername = 'KyeroXML'
✓ Set filename = 'Properties1.json'
[2025-10-16 10:59:26] [info] Set filename = 'Properties1.json'
✓ Set enableUpload = true
[2025-10-16 10:59:26] [info] Set enableUpload = true
✓ Set testingMode = false
[2025-10-16 10:59:26] [info] Set testingMode = false
[2025-10-16 10:59:26] [info] Passing owner details to scraper
✓ Set owner details (confidentialInfo)
[2025-10-16 10:59:26] [info] Set owner details (confidentialInfo)

[2025-10-16 10:59:26] [info] Processing XML: https://web3930:9a42ded9cb@www.nilsott.com/xml/kyero.xml
[2025-10-16 10:59:26] [info] Expected properties: 0
[2025-10-16 10:59:26] [info] Passing owner details to scraper
🔍 Input detected as: url
🌐 Fetching XML from URL: https://web3930:9a42ded9cb@www.nilsott.com/xml/kyero.xml
✅ XML validation successful
📋 Found properties using structure: <property>
📋 Total properties found: 662
📊 Total properties to process: 662

🏠 Processing property 1/662
Sveti+Vlas%2C+Burgas%2C+Bulgaria
[2025-10-16 10:59:38] Attempt 1 of 3
[2025-10-16 10:59:40] ⚠️ Server responded with HTTP 401 (Duration: 1.75s)
[2025-10-16 10:59:40] Response: {"code":"unauthorized","message":"Token has expired","data":{"status":401}}
[2025-10-16 10:59:40] ⏳ Retrying in 2 seconds...
[2025-10-16 10:59:42] Attempt 2 of 3
[2025-10-16 10:59:43] ⚠️ Server responded with HTTP 401 (Duration: 1.52s)
[2025-10-16 10:59:43] Response: {"code":"unauthorized","message":"Token has expired","data":{"status":401}}
[2025-10-16 10:59:43] ⏳ Retrying in 4 seconds...
[2025-10-16 10:59:47] Attempt 3 of 3
[2025-10-16 10:59:48] ⚠️ Server responded with HTTP 401 (Duration: 1.08s)
[2025-10-16 10:59:48] Response: {"code":"unauthorized","message":"Token has expired","data":{"status":401}}
[2025-10-16 10:59:48] ❌ All attempts failed. Last error: HTTP 401
❌ Failed after 3 attempts. Last error: HTTP 401
⚠️ HTTP Status: 401
🏠 Processing property 2/662
Kosharitsa%2C+Burgas%2C+Bulgaria
[2025-10-16 10:59:50] Attempt 1 of 3
[2025-10-16 10:59:51] ⚠️ Server responded with HTTP 401 (Duration: 1.46s)
[2025-10-16 10:59:51] Response: {"code":"unauthorized","message":"Token has expired","data":{"status":401}}
[2025-10-16 10:59:51] ⏳ Retrying in 2 seconds...
[2025-10-16 10:59:53] Attempt 2 of 3
[2025-10-16 10:59:54] ⚠️ Server responded with HTTP 401 (Duration: 1.01s)
[2025-10-16 10:59:54] Response: {"code":"unauthorized","message":"Token has expired","data":{"status":401}}
[2025-10-16 10:59:54] ⏳ Retrying in 4 seconds...
[2025-10-16 10:59:58] Attempt 3 of 3
[2025-10-16 10:59:59] ⚠️ Server responded with HTTP 401 (Duration: 1.19s)
[2025-10-16 10:59:59] Response: {"code":"unauthorized","message":"Token has expired","data":{"status":401}}
[2025-10-16 11:00:00] ❌ All attempts failed. Last error: HTTP 401
❌ Failed after 3 attempts. Last error: HTTP 401
⚠️ HTTP Status: 401
🏠 Processing property 3/662
Sarafovo%2C+Burgas%2C+Bulgaria
[2025-10-16 11:00:01] Attempt 1 of 3
[2025-10-16 11:00:02] ⚠️ Server responded with HTTP 401 (Duration: 1.26s)
[2025-10-16 11:00:02] Response: {"code":"unauthorized","message":"Token has expired","data":{"status":401}}
[2025-10-16 11:00:02] ⏳ Retrying in 2 seconds...
[2025-10-16 11:00:04] Attempt 2 of 3
[2025-10-16 11:00:06] ⚠️ Server responded with HTTP 401 (Duration: 1.67s)
[2025-10-16 11:00:06] Response: {"code":"unauthorized","message":"Token has expired","data":{"status":401}}
[2025-10-16 11:00:06] ⏳ Retrying in 4 seconds...
[2025-10-16 11:00:10] Attempt 3 of 3
[2025-10-16 11:00:10] [warning] Stop signal received - terminating scraper

⚠️ Stop signal received - terminating gracefully...
