[2025-11-10 07:18:29] [info] Starting scraper: Ideal Homes Portugal
[2025-11-10 07:18:29] [info] Type: website
[2025-11-10 07:18:29] [info] Applying configuration to scraper...
✓ Set foldername = 'IdealHome'
[2025-11-10 07:18:29] [info] Set foldername = 'IdealHome'
✓ Set filename = 'Properties.json'
[2025-11-10 07:18:29] [info] Set filename = 'Properties.json'
⚠ Property enableUpload does not exist in scraper class
⚠ Property testingMode does not exist in scraper class
[2025-11-10 07:18:29] [info] Passing owner details to scraper
✓ Set owner details (confidentialInfo)
[2025-11-10 07:18:29] [info] Set owner details (confidentialInfo)

[2025-11-10 07:18:29] [info] Scraping pages 1 to 1
📄 Fetching page 1: https://www.idealhomesportugal.com/property-for-sale/albufeira?location=Albufeira&price_from=0&price_to=1000000&sort=lowest-price&page=1
📊 Total properties to scrape: 9

URL 1 🔍 Scraping: https://www.idealhomesportugal.com/property/land-in-algarve-idh33190-albufeira-89730/89730
❌ Skipping property of type: Land
URL 2 🔍 Scraping: https://www.idealhomesportugal.com/property/apartment-in-algarve-idh33309-albufeira-91281/91281
[2025-11-10 07:18:32] Attempt 1 of 3
[2025-11-10 07:18:34] ⚠️ Server responded with HTTP 401 (Duration: 1.47s)
[2025-11-10 07:18:34] Response: {"code":"unauthorized","message":"Token has expired","data":{"status":401}}
[2025-11-10 07:18:34] ⏳ Retrying in 2 seconds...
[2025-11-10 07:18:36] Attempt 2 of 3
[2025-11-10 07:18:37] ⚠️ Server responded with HTTP 401 (Duration: 1.73s)
[2025-11-10 07:18:37] Response: {"code":"unauthorized","message":"Token has expired","data":{"status":401}}
[2025-11-10 07:18:37] ⏳ Retrying in 4 seconds...
[2025-11-10 07:18:41] Attempt 3 of 3
[2025-11-10 07:18:43] ⚠️ Server responded with HTTP 401 (Duration: 1.58s)
[2025-11-10 07:18:43] Response: {"code":"unauthorized","message":"Token has expired","data":{"status":401}}
[2025-11-10 07:18:43] ❌ All attempts failed. Last error: HTTP 401
❌ Failed after 3 attempts. Last error: HTTP 401
⚠️ HTTP Status: 401
URL 3 🔍 Scraping: https://www.idealhomesportugal.com/property/apartment-in-algarve-idh33497-albufeira-92893/92893
[2025-11-10 07:18:45] Attempt 1 of 3
[2025-11-10 07:18:47] ⚠️ Server responded with HTTP 401 (Duration: 1.72s)
[2025-11-10 07:18:47] Response: {"code":"unauthorized","message":"Token has expired","data":{"status":401}}
[2025-11-10 07:18:47] ⏳ Retrying in 2 seconds...
[2025-11-10 07:18:49] Attempt 2 of 3
[2025-11-10 07:18:51] ⚠️ Server responded with HTTP 401 (Duration: 1.53s)
[2025-11-10 07:18:51] Response: {"code":"unauthorized","message":"Token has expired","data":{"status":401}}
[2025-11-10 07:18:51] ⏳ Retrying in 4 seconds...
[2025-11-10 07:18:55] Attempt 3 of 3
[2025-11-10 07:18:56] ⚠️ Server responded with HTTP 401 (Duration: 1.07s)
[2025-11-10 07:18:56] Response: {"code":"unauthorized","message":"Token has expired","data":{"status":401}}
[2025-11-10 07:18:56] ❌ All attempts failed. Last error: HTTP 401
❌ Failed after 3 attempts. Last error: HTTP 401
⚠️ HTTP Status: 401
URL 4 🔍 Scraping: https://www.idealhomesportugal.com/property/townhouse-in-algarve-idh33603-albufeira-94337/94337
[2025-11-10 07:18:58] Attempt 1 of 3
[2025-11-10 07:19:00] ⚠️ Server responded with HTTP 401 (Duration: 1.63s)
[2025-11-10 07:19:00] Response: {"code":"unauthorized","message":"Token has expired","data":{"status":401}}
[2025-11-10 07:19:00] ⏳ Retrying in 2 seconds...
[2025-11-10 07:19:02] Attempt 2 of 3
[2025-11-10 07:19:03] ⚠️ Server responded with HTTP 401 (Duration: 1.55s)
[2025-11-10 07:19:03] Response: {"code":"unauthorized","message":"Token has expired","data":{"status":401}}
[2025-11-10 07:19:03] ⏳ Retrying in 4 seconds...
[2025-11-10 07:19:07] Attempt 3 of 3
[2025-11-10 07:19:09] ⚠️ Server responded with HTTP 401 (Duration: 1.49s)
[2025-11-10 07:19:09] Response: {"code":"unauthorized","message":"Token has expired","data":{"status":401}}
[2025-11-10 07:19:09] ❌ All attempts failed. Last error: HTTP 401
❌ Failed after 3 attempts. Last error: HTTP 401
⚠️ HTTP Status: 401
URL 5 🔍 Scraping: https://www.idealhomesportugal.com/property/apartment-in-algarve-idh33161-albufeira-89701/89701
[2025-11-10 07:19:11] Attempt 1 of 3
[2025-11-10 07:19:12] ⚠️ Server responded with HTTP 401 (Duration: 1.12s)
[2025-11-10 07:19:12] Response: {"code":"unauthorized","message":"Token has expired","data":{"status":401}}
[2025-11-10 07:19:12] ⏳ Retrying in 2 seconds...
[2025-11-10 07:19:14] Attempt 2 of 3
[2025-11-10 07:19:16] ⚠️ Server responded with HTTP 401 (Duration: 1.52s)
[2025-11-10 07:19:16] Response: {"code":"unauthorized","message":"Token has expired","data":{"status":401}}
[2025-11-10 07:19:16] ⏳ Retrying in 4 seconds...
[2025-11-10 07:19:20] Attempt 3 of 3
[2025-11-10 07:19:22] ⚠️ Server responded with HTTP 401 (Duration: 1.51s)
[2025-11-10 07:19:22] Response: {"code":"unauthorized","message":"Token has expired","data":{"status":401}}
[2025-11-10 07:19:22] ❌ All attempts failed. Last error: HTTP 401
❌ Failed after 3 attempts. Last error: HTTP 401
⚠️ HTTP Status: 401
URL 6 🔍 Scraping: https://www.idealhomesportugal.com/property/apartment-in-algarve-idh33610-albufeira-94548/94548
[2025-11-10 07:19:23] Attempt 1 of 3
[2025-11-10 07:19:25] ⚠️ Server responded with HTTP 401 (Duration: 1.07s)
[2025-11-10 07:19:25] Response: {"code":"unauthorized","message":"Token has expired","data":{"status":401}}
[2025-11-10 07:19:25] ⏳ Retrying in 2 seconds...
[2025-11-10 07:19:27] Attempt 2 of 3
[2025-11-10 07:19:28] ⚠️ Server responded with HTTP 401 (Duration: 1.34s)
[2025-11-10 07:19:28] Response: {"code":"unauthorized","message":"Token has expired","data":{"status":401}}
[2025-11-10 07:19:28] ⏳ Retrying in 4 seconds...
[2025-11-10 07:19:32] Attempt 3 of 3
[2025-11-10 07:19:33] ⚠️ Server responded with HTTP 401 (Duration: 1.38s)
[2025-11-10 07:19:33] Response: {"code":"unauthorized","message":"Token has expired","data":{"status":401}}
[2025-11-10 07:19:33] ❌ All attempts failed. Last error: HTTP 401
❌ Failed after 3 attempts. Last error: HTTP 401
⚠️ HTTP Status: 401
URL 7 🔍 Scraping: https://www.idealhomesportugal.com/property/villa-in-algarve-idh33154-albufeira-89694/89694
[2025-11-10 07:19:35] Attempt 1 of 3
[2025-11-10 07:19:37] ⚠️ Server responded with HTTP 401 (Duration: 1.59s)
[2025-11-10 07:19:37] Response: {"code":"unauthorized","message":"Token has expired","data":{"status":401}}
[2025-11-10 07:19:37] ⏳ Retrying in 2 seconds...
[2025-11-10 07:19:39] Attempt 2 of 3
[2025-11-10 07:19:40] ⚠️ Server responded with HTTP 401 (Duration: 1.44s)
[2025-11-10 07:19:40] Response: {"code":"unauthorized","message":"Token has expired","data":{"status":401}}
[2025-11-10 07:19:40] ⏳ Retrying in 4 seconds...
[2025-11-10 07:19:44] Attempt 3 of 3
[2025-11-10 07:19:46] ⚠️ Server responded with HTTP 401 (Duration: 1.45s)
[2025-11-10 07:19:46] Response: {"code":"unauthorized","message":"Token has expired","data":{"status":401}}
[2025-11-10 07:19:46] ❌ All attempts failed. Last error: HTTP 401
❌ Failed after 3 attempts. Last error: HTTP 401
⚠️ HTTP Status: 401
URL 8 🔍 Scraping: https://www.idealhomesportugal.com/property/townhouse-in-algarve-idh32489-albufeira-86632/86632
[2025-11-10 07:19:48] Attempt 1 of 3
[2025-11-10 07:19:49] ⚠️ Server responded with HTTP 401 (Duration: 0.9s)
[2025-11-10 07:19:49] Response: {"code":"unauthorized","message":"Token has expired","data":{"status":401}}
[2025-11-10 07:19:49] ⏳ Retrying in 2 seconds...
[2025-11-10 07:19:51] Attempt 2 of 3
[2025-11-10 07:19:52] ⚠️ Server responded with HTTP 401 (Duration: 1.45s)
[2025-11-10 07:19:52] Response: {"code":"unauthorized","message":"Token has expired","data":{"status":401}}
[2025-11-10 07:19:52] ⏳ Retrying in 4 seconds...
[2025-11-10 07:19:56] Attempt 3 of 3
[2025-11-10 07:19:58] ⚠️ Server responded with HTTP 401 (Duration: 1.19s)
[2025-11-10 07:19:58] Response: {"code":"unauthorized","message":"Token has expired","data":{"status":401}}
[2025-11-10 07:19:58] ❌ All attempts failed. Last error: HTTP 401
❌ Failed after 3 attempts. Last error: HTTP 401
⚠️ HTTP Status: 401
URL 9 🔍 Scraping: https://www.idealhomesportugal.com/property/villa-in-algarve-idh3616-albufeira-1625/1625
❌ Skipping property with invalid price. Extracted value: '0'
✅ Scraping completed. Output saved to C:\xampp\htdocs\ScrapingToolsAutoSync\Executable/../ScrapeFile/IdealHome/Properties.json
✅ Properties Created: 0
✅ Properties Updated: 0
[2025-11-10 07:20:00] [success] Scraping completed successfully
