[2025-11-10 07:17:08] [info] Starting scraper: Ideal Homes Portugal
[2025-11-10 07:17:08] [info] Type: website
[2025-11-10 07:17:08] [info] Applying configuration to scraper...
✓ Set foldername = 'IdealHome'
[2025-11-10 07:17:08] [info] Set foldername = 'IdealHome'
✓ Set filename = 'Properties.json'
[2025-11-10 07:17:08] [info] Set filename = 'Properties.json'
⚠ Property enableUpload does not exist in scraper class
⚠ Property testingMode does not exist in scraper class
[2025-11-10 07:17:08] [info] Passing owner details to scraper
✓ Set owner details (confidentialInfo)
[2025-11-10 07:17:08] [info] Set owner details (confidentialInfo)

[2025-11-10 07:17:08] [info] Scraping pages 1 to 1
📄 Fetching page 1: https://www.idealhomesportugal.com/property-for-sale/albufeira?location=Albufeira&price_from=0&price_to=1000000&sort=lowest-price&page=1
📊 Total properties to scrape: 9

URL 1 🔍 Scraping: https://www.idealhomesportugal.com/property/land-in-algarve-idh33190-albufeira-89730/89730
❌ Skipping property of type: Land
URL 2 🔍 Scraping: https://www.idealhomesportugal.com/property/apartment-in-algarve-idh33309-albufeira-91281/91281
[2025-11-10 07:17:13] Attempt 1 of 3
[2025-11-10 07:17:15] ⚠️ Server responded with HTTP 401 (Duration: 1.74s)
[2025-11-10 07:17:15] Response: {"code":"unauthorized","message":"Token has expired","data":{"status":401}}
[2025-11-10 07:17:15] ⏳ Retrying in 2 seconds...
[2025-11-10 07:17:17] Attempt 2 of 3
[2025-11-10 07:17:19] ⚠️ Server responded with HTTP 401 (Duration: 1.64s)
[2025-11-10 07:17:19] Response: {"code":"unauthorized","message":"Token has expired","data":{"status":401}}
[2025-11-10 07:17:19] ⏳ Retrying in 4 seconds...
[2025-11-10 07:17:23] Attempt 3 of 3
[2025-11-10 07:17:24] ⚠️ Server responded with HTTP 401 (Duration: 1.39s)
[2025-11-10 07:17:24] Response: {"code":"unauthorized","message":"Token has expired","data":{"status":401}}
[2025-11-10 07:17:24] ❌ All attempts failed. Last error: HTTP 401
❌ Failed after 3 attempts. Last error: HTTP 401
⚠️ HTTP Status: 401
URL 3 🔍 Scraping: https://www.idealhomesportugal.com/property/apartment-in-algarve-idh33497-albufeira-92893/92893
[2025-11-10 07:17:27] Attempt 1 of 3
[2025-11-10 07:17:28] ⚠️ Server responded with HTTP 401 (Duration: 1.52s)
[2025-11-10 07:17:28] Response: {"code":"unauthorized","message":"Token has expired","data":{"status":401}}
[2025-11-10 07:17:28] ⏳ Retrying in 2 seconds...
[2025-11-10 07:17:30] Attempt 2 of 3
[2025-11-10 07:17:32] ⚠️ Server responded with HTTP 401 (Duration: 1.55s)
[2025-11-10 07:17:32] Response: {"code":"unauthorized","message":"Token has expired","data":{"status":401}}
[2025-11-10 07:17:32] ⏳ Retrying in 4 seconds...
[2025-11-10 07:17:36] Attempt 3 of 3
[2025-11-10 07:17:37] ⚠️ Server responded with HTTP 401 (Duration: 1.08s)
[2025-11-10 07:17:37] Response: {"code":"unauthorized","message":"Token has expired","data":{"status":401}}
[2025-11-10 07:17:37] ❌ All attempts failed. Last error: HTTP 401
❌ Failed after 3 attempts. Last error: HTTP 401
⚠️ HTTP Status: 401
URL 4 🔍 Scraping: https://www.idealhomesportugal.com/property/townhouse-in-algarve-idh33603-albufeira-94337/94337
[2025-11-10 07:17:39] Attempt 1 of 3
[2025-11-10 07:17:40] ⚠️ Server responded with HTTP 401 (Duration: 0.94s)
[2025-11-10 07:17:40] Response: {"code":"unauthorized","message":"Token has expired","data":{"status":401}}
[2025-11-10 07:17:40] ⏳ Retrying in 2 seconds...
[2025-11-10 07:17:42] Attempt 2 of 3
[2025-11-10 07:17:44] ⚠️ Server responded with HTTP 401 (Duration: 1.47s)
[2025-11-10 07:17:44] Response: {"code":"unauthorized","message":"Token has expired","data":{"status":401}}
[2025-11-10 07:17:44] ⏳ Retrying in 4 seconds...
[2025-11-10 07:17:48] Attempt 3 of 3
[2025-11-10 07:17:49] ⚠️ Server responded with HTTP 401 (Duration: 1.36s)
[2025-11-10 07:17:49] Response: {"code":"unauthorized","message":"Token has expired","data":{"status":401}}
[2025-11-10 07:17:49] ❌ All attempts failed. Last error: HTTP 401
❌ Failed after 3 attempts. Last error: HTTP 401
⚠️ HTTP Status: 401
URL 5 🔍 Scraping: https://www.idealhomesportugal.com/property/apartment-in-algarve-idh33161-albufeira-89701/89701
[2025-11-10 07:17:52] Attempt 1 of 3
[2025-11-10 07:17:53] ⚠️ Server responded with HTTP 401 (Duration: 1.41s)
[2025-11-10 07:17:53] Response: {"code":"unauthorized","message":"Token has expired","data":{"status":401}}
[2025-11-10 07:17:53] ⏳ Retrying in 2 seconds...
[2025-11-10 07:17:55] Attempt 2 of 3
[2025-11-10 07:17:57] ⚠️ Server responded with HTTP 401 (Duration: 1.66s)
[2025-11-10 07:17:57] Response: {"code":"unauthorized","message":"Token has expired","data":{"status":401}}
[2025-11-10 07:17:57] ⏳ Retrying in 4 seconds...
[2025-11-10 07:18:01] Attempt 3 of 3
[2025-11-10 07:18:01] [warning] Stop signal received - terminating scraper

⚠️ Stop signal received - terminating gracefully...
