[2025-11-10 07:00:47] [info] Starting scraper: Ideal Homes Portugal
[2025-11-10 07:00:47] [info] Type: website
[2025-11-10 07:00:47] [info] Applying configuration to scraper...
⚠ Property foldername does not exist in scraper class
⚠ Property filename does not exist in scraper class
⚠ Property enableUpload does not exist in scraper class
⚠ Property testingMode does not exist in scraper class
[2025-11-10 07:00:47] [info] Passing owner details to scraper
✓ Set owner details (confidentialInfo)
[2025-11-10 07:00:47] [info] Set owner details (confidentialInfo)

[2025-11-10 07:00:47] [info] Scraping pages 1 to 1
📄 Fetching page 1: https://www.idealhomesportugal.com/property-for-sale/albufeira?location=Albufeira&price_from=0&price_to=1000000&sort=lowest-price&page=1
📊 Total properties to scrape: 9

URL 1 🔍 Scraping: https://www.idealhomesportugal.com/property/land-in-algarve-idh33190-albufeira-89730/89730
❌ Skipping property of type: Land
URL 2 🔍 Scraping: https://www.idealhomesportugal.com/property/apartment-in-algarve-idh33309-albufeira-91281/91281
[2025-11-10 07:00:55] Attempt 1 of 3
[2025-11-10 07:00:57] ⚠️ Server responded with HTTP 401 (Duration: 1.93s)
[2025-11-10 07:00:57] Response: {"code":"unauthorized","message":"Token has expired","data":{"status":401}}
[2025-11-10 07:00:57] ⏳ Retrying in 2 seconds...
[2025-11-10 07:00:59] Attempt 2 of 3
[2025-11-10 07:01:00] ⚠️ Server responded with HTTP 401 (Duration: 1.47s)
[2025-11-10 07:01:00] Response: {"code":"unauthorized","message":"Token has expired","data":{"status":401}}
[2025-11-10 07:01:00] ⏳ Retrying in 4 seconds...
[2025-11-10 07:01:04] Attempt 3 of 3
[2025-11-10 07:01:06] ⚠️ Server responded with HTTP 401 (Duration: 1.58s)
[2025-11-10 07:01:06] Response: {"code":"unauthorized","message":"Token has expired","data":{"status":401}}
[2025-11-10 07:01:06] ❌ All attempts failed. Last error: HTTP 401
❌ Failed after 3 attempts. Last error: HTTP 401
⚠️ HTTP Status: 401
URL 3 🔍 Scraping: https://www.idealhomesportugal.com/property/apartment-in-algarve-idh33497-albufeira-92893/92893
[2025-11-10 07:01:08] Attempt 1 of 3
[2025-11-10 07:01:09] ⚠️ Server responded with HTTP 401 (Duration: 0.97s)
[2025-11-10 07:01:09] Response: {"code":"unauthorized","message":"Token has expired","data":{"status":401}}
[2025-11-10 07:01:09] ⏳ Retrying in 2 seconds...
[2025-11-10 07:01:11] Attempt 2 of 3
[2025-11-10 07:01:12] ⚠️ Server responded with HTTP 401 (Duration: 0.96s)
[2025-11-10 07:01:12] Response: {"code":"unauthorized","message":"Token has expired","data":{"status":401}}
[2025-11-10 07:01:12] ⏳ Retrying in 4 seconds...
[2025-11-10 07:01:16] Attempt 3 of 3
[2025-11-10 07:01:18] ⚠️ Server responded with HTTP 401 (Duration: 1.52s)
[2025-11-10 07:01:18] Response: {"code":"unauthorized","message":"Token has expired","data":{"status":401}}
[2025-11-10 07:01:18] ❌ All attempts failed. Last error: HTTP 401
❌ Failed after 3 attempts. Last error: HTTP 401
⚠️ HTTP Status: 401
URL 4 🔍 Scraping: https://www.idealhomesportugal.com/property/townhouse-in-algarve-idh33603-albufeira-94337/94337
[2025-11-10 07:01:20] Attempt 1 of 3
[2025-11-10 07:01:22] ⚠️ Server responded with HTTP 401 (Duration: 1.47s)
[2025-11-10 07:01:22] Response: {"code":"unauthorized","message":"Token has expired","data":{"status":401}}
[2025-11-10 07:01:22] ⏳ Retrying in 2 seconds...
[2025-11-10 07:01:24] Attempt 2 of 3
[2025-11-10 07:01:25] ⚠️ Server responded with HTTP 401 (Duration: 1.57s)
[2025-11-10 07:01:25] Response: {"code":"unauthorized","message":"Token has expired","data":{"status":401}}
[2025-11-10 07:01:25] ⏳ Retrying in 4 seconds...
[2025-11-10 07:01:29] Attempt 3 of 3
[2025-11-10 07:01:31] ⚠️ Server responded with HTTP 401 (Duration: 1.39s)
[2025-11-10 07:01:31] Response: {"code":"unauthorized","message":"Token has expired","data":{"status":401}}
[2025-11-10 07:01:31] ❌ All attempts failed. Last error: HTTP 401
❌ Failed after 3 attempts. Last error: HTTP 401
⚠️ HTTP Status: 401
URL 5 🔍 Scraping: https://www.idealhomesportugal.com/property/apartment-in-algarve-idh33161-albufeira-89701/89701
[2025-11-10 07:01:35] Attempt 1 of 3
[2025-11-10 07:01:37] ⚠️ Server responded with HTTP 401 (Duration: 1.72s)
[2025-11-10 07:01:37] Response: {"code":"unauthorized","message":"Token has expired","data":{"status":401}}
[2025-11-10 07:01:37] ⏳ Retrying in 2 seconds...
[2025-11-10 07:01:39] Attempt 2 of 3
[2025-11-10 07:01:40] ⚠️ Server responded with HTTP 401 (Duration: 1.66s)
[2025-11-10 07:01:40] Response: {"code":"unauthorized","message":"Token has expired","data":{"status":401}}
[2025-11-10 07:01:40] ⏳ Retrying in 4 seconds...
[2025-11-10 07:01:44] Attempt 3 of 3
[2025-11-10 07:01:46] ⚠️ Server responded with HTTP 401 (Duration: 1.52s)
[2025-11-10 07:01:46] Response: {"code":"unauthorized","message":"Token has expired","data":{"status":401}}
[2025-11-10 07:01:46] ❌ All attempts failed. Last error: HTTP 401
❌ Failed after 3 attempts. Last error: HTTP 401
⚠️ HTTP Status: 401
URL 6 🔍 Scraping: https://www.idealhomesportugal.com/property/apartment-in-algarve-idh33610-albufeira-94548/94548
[2025-11-10 07:01:48] Attempt 1 of 3
[2025-11-10 07:01:49] ⚠️ Server responded with HTTP 401 (Duration: 1.52s)
[2025-11-10 07:01:49] Response: {"code":"unauthorized","message":"Token has expired","data":{"status":401}}
[2025-11-10 07:01:49] ⏳ Retrying in 2 seconds...
[2025-11-10 07:01:51] Attempt 2 of 3
[2025-11-10 07:01:53] ⚠️ Server responded with HTTP 401 (Duration: 1.57s)
[2025-11-10 07:01:53] Response: {"code":"unauthorized","message":"Token has expired","data":{"status":401}}
[2025-11-10 07:01:53] ⏳ Retrying in 4 seconds...
[2025-11-10 07:01:57] Attempt 3 of 3
[2025-11-10 07:01:59] ⚠️ Server responded with HTTP 401 (Duration: 1.57s)
[2025-11-10 07:01:59] Response: {"code":"unauthorized","message":"Token has expired","data":{"status":401}}
[2025-11-10 07:01:59] ❌ All attempts failed. Last error: HTTP 401
❌ Failed after 3 attempts. Last error: HTTP 401
⚠️ HTTP Status: 401
URL 7 🔍 Scraping: https://www.idealhomesportugal.com/property/villa-in-algarve-idh33154-albufeira-89694/89694
[2025-11-10 07:02:01] Attempt 1 of 3
[2025-11-10 07:02:03] ⚠️ Server responded with HTTP 401 (Duration: 1.73s)
[2025-11-10 07:02:03] Response: {"code":"unauthorized","message":"Token has expired","data":{"status":401}}
[2025-11-10 07:02:03] ⏳ Retrying in 2 seconds...
[2025-11-10 07:02:05] Attempt 2 of 3
[2025-11-10 07:02:06] ⚠️ Server responded with HTTP 401 (Duration: 1.05s)
[2025-11-10 07:02:06] Response: {"code":"unauthorized","message":"Token has expired","data":{"status":401}}
[2025-11-10 07:02:06] ⏳ Retrying in 4 seconds...
[2025-11-10 07:02:10] Attempt 3 of 3
[2025-11-10 07:02:11] ⚠️ Server responded with HTTP 401 (Duration: 1.4s)
[2025-11-10 07:02:11] Response: {"code":"unauthorized","message":"Token has expired","data":{"status":401}}
[2025-11-10 07:02:11] ❌ All attempts failed. Last error: HTTP 401
❌ Failed after 3 attempts. Last error: HTTP 401
⚠️ HTTP Status: 401
URL 8 🔍 Scraping: https://www.idealhomesportugal.com/property/townhouse-in-algarve-idh32489-albufeira-86632/86632
[2025-11-10 07:02:13] Attempt 1 of 3
[2025-11-10 07:02:15] ⚠️ Server responded with HTTP 401 (Duration: 1.63s)
[2025-11-10 07:02:15] Response: {"code":"unauthorized","message":"Token has expired","data":{"status":401}}
[2025-11-10 07:02:15] ⏳ Retrying in 2 seconds...
[2025-11-10 07:02:17] Attempt 2 of 3
[2025-11-10 07:02:18] ⚠️ Server responded with HTTP 401 (Duration: 1.44s)
[2025-11-10 07:02:18] Response: {"code":"unauthorized","message":"Token has expired","data":{"status":401}}
[2025-11-10 07:02:18] ⏳ Retrying in 4 seconds...
[2025-11-10 07:02:22] Attempt 3 of 3
[2025-11-10 07:02:24] ⚠️ Server responded with HTTP 401 (Duration: 1.6s)
[2025-11-10 07:02:24] Response: {"code":"unauthorized","message":"Token has expired","data":{"status":401}}
[2025-11-10 07:02:24] ❌ All attempts failed. Last error: HTTP 401
❌ Failed after 3 attempts. Last error: HTTP 401
⚠️ HTTP Status: 401
URL 9 🔍 Scraping: https://www.idealhomesportugal.com/property/villa-in-algarve-idh3616-albufeira-1625/1625
❌ Skipping property with invalid price. Extracted value: '0'
✅ Scraping completed. Output saved to C:\xampp\htdocs\ScrapingToolsAutoSync\Executable/../ScrapeFile/IdealHome/Lagos.json
✅ Properties Created: 0
✅ Properties Updated: 0
[2025-11-10 07:02:27] [success] Scraping completed successfully
